2024-1-22 19:39:45	Server started
2024-1-22 19:39:45	Connection accepted:6
2024-1-22 19:40:36	Server started
2024-1-22 19:40:36	Connection accepted:6
2024-1-22 19:42:18	Server started
2024-1-22 19:42:18	Connection accepted:6
2024-1-22 19:42:28	UPLOAD		Client:6	SUCCESS
2024-1-22 19:45:27	Connection closed:6
2024-1-22 19:45:29	Server closed
2024-1-22 19:45:34	Server started
2024-1-22 19:45:34	Connection accepted:6
2024-1-22 19:45:41	LIST		Client:6	SUCCESS
2024-1-22 19:46:8	UPLOAD		Client:6	SUCCESS
2024-1-22 19:46:16	LIST		Client:6	SUCCESS
2024-1-22 19:46:36	LIST		Client:6	SUCCESS
2024-1-22 19:47:0	Connection closed:6
2024-1-22 19:47:5	Server closed
2024-1-22 19:56:51	Server started
2024-1-22 19:56:51	Connection accepted:6
2024-1-22 19:57:10	LIST		Client:6	SUCCESS
2024-1-22 19:57:16	Connection closed:6
2024-1-22 19:57:19	Server closed
2024-1-22 20:0:5	Server started
2024-1-22 20:0:5	Connection accepted:6
2024-1-22 20:0:9	LIST		Client:6	SUCCESS
2024-1-22 20:0:32	UPLOAD		Client:6	SUCCESS
2024-1-22 20:0:35	LIST		Client:6	SUCCESS
2024-1-22 20:2:14	Connection closed:6
2024-1-22 20:2:15	Server closed
2024-1-22 20:42:31	Server started
2024-1-22 20:42:31	Connection accepted:6
2024-1-22 20:42:36	LIST		Client:6	SUCCESS
2024-1-22 20:42:51	DELETE		Client:6	PERMISSION_DENIED
2024-1-22 20:44:55	Connection closed:6
2024-1-22 20:45:0	Server closed
2024-1-22 20:45:12	Server started
2024-1-22 20:45:12	Connection accepted:6
2024-1-22 20:45:19	LIST		Client:6	SUCCESS
2024-1-22 20:45:28	DELETE		Client:6	SUCCESS
2024-1-22 20:45:32	LIST		Client:6	SUCCESS
2024-1-22 20:46:17	DELETE		Client:6	PERMISSION_DENIED(Cannot delete root directory)
2024-1-22 20:46:29	DELETE		Client:6	FILE_NOT_FOUND
2024-1-22 20:46:43	Connection closed:6
2024-1-22 20:46:47	Server closed
2024-1-22 22:33:56	Server started
2024-1-22 22:33:56	Connection accepted:6
2024-1-22 22:34:1	LIST		Client:6	SUCCESS
2024-1-22 22:34:22	UPLOAD		Client:6	SUCCESS	./root/local.txt
2024-1-22 22:34:25	LIST		Client:6	SUCCESS
2024-1-22 22:34:47	MOVE		Client:6	SUCCESS	./root/local.txt	./root/dirTest/local.txt
2024-1-22 22:34:50	LIST		Client:6	SUCCESS
2024-1-22 22:35:28	Connection closed:6
2024-1-22 22:35:30	Server closed
2024-1-22 22:57:50	Server started
2024-1-22 22:57:50	Connection accepted:6
2024-1-22 22:58:8	LIST		Client:6	SUCCESS
2024-1-22 22:58:21	UPLOAD		Client:6	SUCCESS	./root/local.txt
2024-1-22 22:58:25	LIST		Client:6	SUCCESS
2024-1-22 22:59:13	MOVE		Client:6	SUCCESS	./root/local.txt	./root/dirTest/newPathLocal.txt
2024-1-22 22:59:15	LIST		Client:6	SUCCESS
2024-1-22 22:59:57	DELETE		Client:6	SUCCESS	./root/dirTest/newPathLocal.txt
2024-1-22 22:59:58	LIST		Client:6	SUCCESS
2024-1-22 23:0:6	LIST		Client:6	SUCCESS
2024-1-22 23:0:34	DELETE		Client:6	FILE_NOT_FOUND	./root/dirTest/newPathLocal.txt
2024-1-22 23:0:38	LIST		Client:6	SUCCESS
2024-1-22 23:1:23	Connection closed:6
2024-1-22 23:1:25	Server closed
